<?xml version="1.0" encoding="UTF-8"?>
<coverage generated="1455456776">
  <project timestamp="1455456776">
    <package name="Jacobemerick\GoodreadsClient">
      <file name="/Users/jemerick/development/goodreads-client/src/Client.php">
        <class name="Client" namespace="Jacobemerick\GoodreadsClient">
          <metrics methods="0" coveredmethods="0" conditionals="0" coveredconditionals="0" statements="0" coveredstatements="0" elements="0" coveredelements="0"/>
        </class>
        <metrics loc="12" ncloc="12" classes="1" methods="0" coveredmethods="0" conditionals="0" coveredconditionals="0" statements="0" coveredstatements="0" elements="0" coveredelements="0"/>
      </file>
    </package>
    <metrics files="1" loc="12" ncloc="12" classes="1" methods="0" coveredmethods="0" conditionals="0" coveredconditionals="0" statements="0" coveredstatements="0" elements="0" coveredelements="0"/>
  </project>
</coverage>
